<?xml version="1.0" encoding="UTF-8"?>
<testng-results ignored="0" total="2" passed="2" failed="0" skipped="0">
  <reporter-output>
  </reporter-output>
  <suite started-at="2024-07-30T14:13:08 IST" name="Default suite" finished-at="2024-07-30T14:13:25 IST" duration-ms="17589">
    <groups>
    </groups>
    <test started-at="2024-07-30T14:13:08 IST" name="Default test" finished-at="2024-07-30T14:13:25 IST" duration-ms="17589">
      <class name="Amazontest.AmazonPageTest">
        <test-method is-config="true" signature="setupBrowser()[pri:0, instance:Amazontest.AmazonPageTest@689604d9]" started-at="2024-07-30T14:13:08 IST" name="setupBrowser" finished-at="2024-07-30T14:13:15 IST" duration-ms="7050" status="PASS">
          <reporter-output>
          </reporter-output>
        </test-method> <!-- setupBrowser -->
        <test-method is-config="true" signature="setupPage()[pri:0, instance:Amazontest.AmazonPageTest@689604d9]" started-at="2024-07-30T14:13:15 IST" name="setupPage" finished-at="2024-07-30T14:13:15 IST" duration-ms="1" status="PASS">
          <reporter-output>
          </reporter-output>
        </test-method> <!-- setupPage -->
        <test-method signature="testoption()[pri:1, instance:Amazontest.AmazonPageTest@689604d9]" started-at="2024-07-30T14:13:15 IST" name="testoption" finished-at="2024-07-30T14:13:20 IST" duration-ms="4940" status="PASS">
          <reporter-output>
          </reporter-output>
        </test-method> <!-- testoption -->
        <test-method signature="testaddcart()[pri:2, instance:Amazontest.AmazonPageTest@689604d9]" started-at="2024-07-30T14:13:20 IST" name="testaddcart" finished-at="2024-07-30T14:13:25 IST" duration-ms="5557" status="PASS">
          <reporter-output>
          </reporter-output>
        </test-method> <!-- testaddcart -->
      </class> <!-- Amazontest.AmazonPageTest -->
    </test> <!-- Default test -->
  </suite> <!-- Default suite -->
</testng-results>
